{"contracts\\AuctionMarket.sol":{"l":{"203":3,"207":3,"218":2,"223":2,"235":2,"242":1,"243":1,"245":1,"247":1,"249":1,"250":0,"252":1,"254":1,"257":1,"258":0,"259":0,"261":0,"267":1,"269":1,"271":0,"274":1,"277":1,"278":1,"281":1,"282":1,"283":1,"290":0,"292":0,"293":0,"295":0,"297":0,"303":0,"304":0,"306":0,"315":1},"path":"F:\\web3\\nft-auction-market\\contracts\\AuctionMarket.sol","s":{"1":2,"2":1,"3":1,"4":1,"5":1,"6":1,"7":1,"8":1,"9":0,"10":0,"11":0,"12":1,"13":1,"14":1,"15":1,"16":0,"17":0,"18":0,"19":0,"20":0,"21":0,"22":0,"23":1},"b":{"1":[1,0],"2":[0,1],"3":[1,0],"4":[0,1],"5":[0,0],"6":[0,1],"7":[0,0],"8":[0,0],"9":[0,0]},"f":{"1":3,"2":3,"3":2,"4":1,"5":0,"6":1},"fnMap":{"1":{"name":"constructor","line":202,"loc":{"start":{"line":202,"column":10},"end":{"line":204,"column":10}}},"2":{"name":"setTokenPriceFeed","line":206,"loc":{"start":{"line":206,"column":10},"end":{"line":208,"column":10}}},"3":{"name":"createAuction","line":210,"loc":{"start":{"line":210,"column":10},"end":{"line":236,"column":10}}},"4":{"name":"bid","line":238,"loc":{"start":{"line":238,"column":10},"end":{"line":285,"column":10}}},"5":{"name":"endAuction","line":287,"loc":{"start":{"line":287,"column":10},"end":{"line":308,"column":10}}},"6":{"name":"getLatestPrice","line":310,"loc":{"start":{"line":310,"column":10},"end":{"line":316,"column":10}}}},"statementMap":{"1":{"start":{"line":218,"column":20},"end":{"line":218,"column":7857}},"2":{"start":{"line":242,"column":20},"end":{"line":242,"column":63}},"3":{"start":{"line":243,"column":20},"end":{"line":243,"column":74}},"4":{"start":{"line":245,"column":20},"end":{"line":245,"column":78}},"5":{"start":{"line":247,"column":20},"end":{"line":247,"column":37}},"6":{"start":{"line":249,"column":20},"end":{"line":249,"column":9040}},"7":{"start":{"line":254,"column":20},"end":{"line":254,"column":73}},"8":{"start":{"line":257,"column":20},"end":{"line":257,"column":9345}},"9":{"start":{"line":258,"column":30},"end":{"line":258,"column":9416}},"10":{"start":{"line":259,"column":40},"end":{"line":259,"column":98}},"11":{"start":{"line":261,"column":40},"end":{"line":261,"column":119}},"12":{"start":{"line":267,"column":20},"end":{"line":267,"column":36}},"13":{"start":{"line":269,"column":20},"end":{"line":269,"column":9921}},"14":{"start":{"line":274,"column":30},"end":{"line":274,"column":108}},"15":{"start":{"line":277,"column":30},"end":{"line":277,"column":101}},"16":{"start":{"line":290,"column":20},"end":{"line":290,"column":65}},"17":{"start":{"line":292,"column":20},"end":{"line":292,"column":79}},"18":{"start":{"line":293,"column":20},"end":{"line":293,"column":59}},"19":{"start":{"line":297,"column":20},"end":{"line":297,"column":11190}},"20":{"start":{"line":303,"column":20},"end":{"line":303,"column":11448}},"21":{"start":{"line":304,"column":30},"end":{"line":304,"column":81}},"22":{"start":{"line":306,"column":30},"end":{"line":306,"column":102}},"23":{"start":{"line":315,"column":20},"end":{"line":315,"column":61}}},"branchMap":{"1":{"line":245,"type":"if","locations":[{"start":{"line":245,"column":20},"end":{"line":245,"column":20}},{"start":{"line":245,"column":20},"end":{"line":245,"column":20}}]},"2":{"line":249,"type":"if","locations":[{"start":{"line":249,"column":20},"end":{"line":249,"column":20}},{"start":{"line":249,"column":20},"end":{"line":249,"column":20}}]},"3":{"line":254,"type":"if","locations":[{"start":{"line":254,"column":20},"end":{"line":254,"column":20}},{"start":{"line":254,"column":20},"end":{"line":254,"column":20}}]},"4":{"line":257,"type":"if","locations":[{"start":{"line":257,"column":20},"end":{"line":257,"column":20}},{"start":{"line":257,"column":20},"end":{"line":257,"column":20}}]},"5":{"line":258,"type":"if","locations":[{"start":{"line":258,"column":30},"end":{"line":258,"column":30}},{"start":{"line":258,"column":30},"end":{"line":258,"column":30}}]},"6":{"line":269,"type":"if","locations":[{"start":{"line":269,"column":20},"end":{"line":269,"column":20}},{"start":{"line":269,"column":20},"end":{"line":269,"column":20}}]},"7":{"line":292,"type":"if","locations":[{"start":{"line":292,"column":20},"end":{"line":292,"column":20}},{"start":{"line":292,"column":20},"end":{"line":292,"column":20}}]},"8":{"line":293,"type":"if","locations":[{"start":{"line":293,"column":20},"end":{"line":293,"column":20}},{"start":{"line":293,"column":20},"end":{"line":293,"column":20}}]},"9":{"line":303,"type":"if","locations":[{"start":{"line":303,"column":20},"end":{"line":303,"column":20}},{"start":{"line":303,"column":20},"end":{"line":303,"column":20}}]}}},"contracts\\AuctionMarketUpgradeable.sol":{"l":{"14":0,"16":0},"path":"F:\\web3\\nft-auction-market\\contracts\\AuctionMarketUpgradeable.sol","s":{"1":0,"2":0},"b":{"1":[0,0],"2":[0,0]},"f":{"1":0,"2":0},"fnMap":{"1":{"name":"initialize","line":12,"loc":{"start":{"line":12,"column":10},"end":{"line":17,"column":10}}},"2":{"name":"_authorizeUpgrade","line":20,"loc":{"start":{"line":20,"column":10},"end":{"line":20,"column":93}}}},"statementMap":{"1":{"start":{"line":14,"column":20},"end":{"line":14,"column":35}},"2":{"start":{"line":16,"column":20},"end":{"line":16,"column":43}}},"branchMap":{"1":{"line":12,"type":"if","locations":[{"start":{"line":12,"column":39},"end":{"line":12,"column":39}},{"start":{"line":12,"column":39},"end":{"line":12,"column":39}}]},"2":{"line":20,"type":"if","locations":[{"start":{"line":20,"column":82},"end":{"line":20,"column":82}},{"start":{"line":20,"column":82},"end":{"line":20,"column":82}}]}}},"contracts\\AuctionMarketUpgradeableV2.sol":{"l":{"14":0},"path":"F:\\web3\\nft-auction-market\\contracts\\AuctionMarketUpgradeableV2.sol","s":{"1":0},"b":{},"f":{"1":0},"fnMap":{"1":{"name":"version","line":9,"loc":{"start":{"line":9,"column":4},"end":{"line":15,"column":4}}}},"statementMap":{"1":{"start":{"line":14,"column":8},"end":{"line":14,"column":19}}},"branchMap":{}},"contracts\\interfaces\\AggregatorV3Interface.sol":{"l":{},"path":"F:\\web3\\nft-auction-market\\contracts\\interfaces\\AggregatorV3Interface.sol","s":{},"b":{},"f":{},"fnMap":{},"statementMap":{},"branchMap":{}},"contracts\\MockERC20.sol":{"l":{"9":3},"path":"F:\\web3\\nft-auction-market\\contracts\\MockERC20.sol","s":{"1":3},"b":{},"f":{"1":3},"fnMap":{"1":{"name":"constructor","line":8,"loc":{"start":{"line":8,"column":4},"end":{"line":10,"column":4}}}},"statementMap":{"1":{"start":{"line":9,"column":8},"end":{"line":9,"column":52}}},"branchMap":{}},"contracts\\MockV3Aggregator.sol":{"l":{"13":3,"15":3,"23":0,"31":0,"39":0,"53":2},"path":"F:\\web3\\nft-auction-market\\contracts\\MockV3Aggregator.sol","s":{"1":0,"2":0,"3":0,"4":2},"b":{},"f":{"1":3,"2":0,"3":0,"4":0,"5":2},"fnMap":{"1":{"name":"constructor","line":10,"loc":{"start":{"line":10,"column":4},"end":{"line":16,"column":4}}},"2":{"name":"decimals","line":18,"loc":{"start":{"line":18,"column":4},"end":{"line":24,"column":4}}},"3":{"name":"description","line":26,"loc":{"start":{"line":26,"column":4},"end":{"line":32,"column":4}}},"4":{"name":"version","line":34,"loc":{"start":{"line":34,"column":4},"end":{"line":40,"column":4}}},"5":{"name":"latestRoundData","line":42,"loc":{"start":{"line":42,"column":4},"end":{"line":60,"column":4}}}},"statementMap":{"1":{"start":{"line":23,"column":8},"end":{"line":23,"column":24}},"2":{"start":{"line":31,"column":8},"end":{"line":31,"column":32}},"3":{"start":{"line":39,"column":8},"end":{"line":39,"column":16}},"4":{"start":{"line":53,"column":8},"end":{"line":53,"column":879}}},"branchMap":{}},"contracts\\MyNFT.sol":{"l":{"13":5,"14":5,"15":5,"16":5},"path":"F:\\web3\\nft-auction-market\\contracts\\MyNFT.sol","s":{"1":5,"2":5,"3":5},"b":{},"f":{"1":4,"2":5},"fnMap":{"1":{"name":"constructor","line":10,"loc":{"start":{"line":10,"column":10},"end":{"line":10,"column":49}}},"2":{"name":"mintNFT","line":12,"loc":{"start":{"line":12,"column":10},"end":{"line":17,"column":10}}}},"statementMap":{"1":{"start":{"line":13,"column":20},"end":{"line":13,"column":50}},"2":{"start":{"line":14,"column":20},"end":{"line":14,"column":41}},"3":{"start":{"line":16,"column":20},"end":{"line":16,"column":34}}},"branchMap":{}},"contracts\\PriceConverter.sol":{"l":{"8":2,"15":2,"26":1,"27":1,"29":1},"path":"F:\\web3\\nft-auction-market\\contracts\\PriceConverter.sol","s":{"1":2,"2":2,"3":1,"4":1,"5":1},"b":{},"f":{"1":2,"2":1},"fnMap":{"1":{"name":"getPrice","line":7,"loc":{"start":{"line":7,"column":10},"end":{"line":16,"column":10}}},"2":{"name":"getConversionRate","line":18,"loc":{"start":{"line":18,"column":10},"end":{"line":31,"column":10}}}},"statementMap":{"1":{"start":{"line":8,"column":20},"end":{"line":8,"column":307}},"2":{"start":{"line":15,"column":20},"end":{"line":15,"column":49}},"3":{"start":{"line":26,"column":20},"end":{"line":26,"column":58}},"4":{"start":{"line":27,"column":20},"end":{"line":27,"column":74}},"5":{"start":{"line":29,"column":20},"end":{"line":29,"column":41}}},"branchMap":{}}}